[07-May-2025 12:35:57 UTC] PHP Error [8192]: App\models\SystemSettings::updateSettings(): Implicitly marking parameter $userId as nullable is deprecated, the explicit nullable type must be used instead in G:\University\Second Year Term 2\Software Engineering 1\Falsopay\backend\App\models\SystemSettings.php on line 119
[07-May-2025 12:36:02 UTC] PHP Error [8192]: App\models\SystemSettings::updateSettings(): Implicitly marking parameter $userId as nullable is deprecated, the explicit nullable type must be used instead in G:\University\Second Year Term 2\Software Engineering 1\Falsopay\backend\App\models\SystemSettings.php on line 119
[07-May-2025 12:36:06 UTC] PHP Error [8192]: App\models\SystemSettings::updateSettings(): Implicitly marking parameter $userId as nullable is deprecated, the explicit nullable type must be used instead in G:\University\Second Year Term 2\Software Engineering 1\Falsopay\backend\App\models\SystemSettings.php on line 119
[07-May-2025 12:36:50 UTC] PHP Error [8192]: App\models\SystemSettings::updateSettings(): Implicitly marking parameter $userId as nullable is deprecated, the explicit nullable type must be used instead in G:\University\Second Year Term 2\Software Engineering 1\Falsopay\backend\App\models\SystemSettings.php on line 119
[07-May-2025 12:36:53 UTC] PHP Error [8192]: App\models\SystemSettings::updateSettings(): Implicitly marking parameter $userId as nullable is deprecated, the explicit nullable type must be used instead in G:\University\Second Year Term 2\Software Engineering 1\Falsopay\backend\App\models\SystemSettings.php on line 119
[07-May-2025 12:36:57 UTC] PHP Error [8192]: App\models\SystemSettings::updateSettings(): Implicitly marking parameter $userId as nullable is deprecated, the explicit nullable type must be used instead in G:\University\Second Year Term 2\Software Engineering 1\Falsopay\backend\App\models\SystemSettings.php on line 119
[07-May-2025 12:36:59 UTC] PHP Error [8192]: App\models\SystemSettings::updateSettings(): Implicitly marking parameter $userId as nullable is deprecated, the explicit nullable type must be used instead in G:\University\Second Year Term 2\Software Engineering 1\Falsopay\backend\App\models\SystemSettings.php on line 119
[07-May-2025 12:37:02 UTC] PHP Error [8192]: App\models\SystemSettings::updateSettings(): Implicitly marking parameter $userId as nullable is deprecated, the explicit nullable type must be used instead in G:\University\Second Year Term 2\Software Engineering 1\Falsopay\backend\App\models\SystemSettings.php on line 119
[07-May-2025 12:37:05 UTC] PHP Error [8192]: App\models\SystemSettings::updateSettings(): Implicitly marking parameter $userId as nullable is deprecated, the explicit nullable type must be used instead in G:\University\Second Year Term 2\Software Engineering 1\Falsopay\backend\App\models\SystemSettings.php on line 119
[07-May-2025 12:37:08 UTC] PHP Error [8192]: App\models\SystemSettings::updateSettings(): Implicitly marking parameter $userId as nullable is deprecated, the explicit nullable type must be used instead in G:\University\Second Year Term 2\Software Engineering 1\Falsopay\backend\App\models\SystemSettings.php on line 119
[07-May-2025 12:37:10 UTC] PHP Error [8192]: App\models\SystemSettings::updateSettings(): Implicitly marking parameter $userId as nullable is deprecated, the explicit nullable type must be used instead in G:\University\Second Year Term 2\Software Engineering 1\Falsopay\backend\App\models\SystemSettings.php on line 119
[07-May-2025 12:37:13 UTC] PHP Error [8192]: App\models\SystemSettings::updateSettings(): Implicitly marking parameter $userId as nullable is deprecated, the explicit nullable type must be used instead in G:\University\Second Year Term 2\Software Engineering 1\Falsopay\backend\App\models\SystemSettings.php on line 119
[07-May-2025 12:37:16 UTC] PHP Error [8192]: App\models\SystemSettings::updateSettings(): Implicitly marking parameter $userId as nullable is deprecated, the explicit nullable type must be used instead in G:\University\Second Year Term 2\Software Engineering 1\Falsopay\backend\App\models\SystemSettings.php on line 119
[2025-05-07 14:44:52] [INFO]: Database status check successful - response time: 0ms
[2025-05-07 14:44:54] [ERROR]: Uncaught Exception: Call to undefined method App\routes\api\MoneyRequestsRoute::post() in file G:\University\Second Year Term 2\Software Engineering 1\Falsopay\backend\App\routes\api\MoneyRequestsRoute.php on line 30
[2025-05-07 14:45:01] [INFO]: Database status check successful - response time: 0ms
[2025-05-07 14:45:03] [ERROR]: Uncaught Exception: Call to undefined method App\routes\api\MoneyRequestsRoute::post() in file G:\University\Second Year Term 2\Software Engineering 1\Falsopay\backend\App\routes\api\MoneyRequestsRoute.php on line 30
[2025-05-07 14:51:25] [INFO]: Database status check successful - response time: 0ms
[2025-05-07 14:51:27] [ERROR]: Uncaught Exception: Call to undefined method App\routes\api\MoneyRequestsRoute::post() in file G:\University\Second Year Term 2\Software Engineering 1\Falsopay\backend\App\routes\api\MoneyRequestsRoute.php on line 30
[2025-05-07 14:56:01] [INFO]: Database status check successful - response time: 0ms
[2025-05-07 14:56:03] [INFO]: Public system status retrieved: {"transactions_enabled":true,"message":null,"transfer_limit":null}
[2025-05-07 14:56:03] [INFO]: Public system status retrieved successfully
[2025-05-07 14:56:06] [INFO]: Database status check successful - response time: 0ms
[2025-05-07 14:56:08] [INFO]: Database status check successful - response time: 0ms
[2025-05-07 14:56:11] [INFO]: Database status check successful - response time: 0ms
[2025-05-07 14:56:34] [INFO]: Database status check successful - response time: 0ms
[2025-05-07 14:56:36] [INFO]: Public system status retrieved: {"transactions_enabled":true,"message":null,"transfer_limit":null}
[2025-05-07 14:56:36] [INFO]: Public system status retrieved successfully
[2025-05-07 14:57:04] [INFO]: Database status check successful - response time: 0ms
[2025-05-07 14:57:06] [INFO]: Public system status retrieved: {"transactions_enabled":true,"message":null,"transfer_limit":null}
[2025-05-07 14:57:06] [INFO]: Public system status retrieved successfully
[2025-05-07 14:57:34] [INFO]: Database status check successful - response time: 0ms
[2025-05-07 14:57:36] [INFO]: Public system status retrieved: {"transactions_enabled":true,"message":null,"transfer_limit":null}
[2025-05-07 14:57:36] [INFO]: Public system status retrieved successfully
[2025-05-07 14:57:52] [INFO]: Database status check successful - response time: 0ms
[2025-05-07 14:57:55] [INFO]: Public system status retrieved: {"transactions_enabled":true,"message":null,"transfer_limit":null}
[2025-05-07 14:57:55] [INFO]: Public system status retrieved successfully
[2025-05-07 14:57:55] [INFO]: Database status check successful - response time: 0ms
[2025-05-07 14:58:01] [INFO]: Database status check successful - response time: 0ms
[2025-05-07 14:58:04] [INFO]: Database status check successful - response time: 0ms
[2025-05-07 14:58:27] [INFO]: Database status check successful - response time: 0ms
[2025-05-07 14:58:29] [INFO]: Public system status retrieved: {"transactions_enabled":true,"message":null,"transfer_limit":null}
[2025-05-07 14:58:29] [INFO]: Public system status retrieved successfully
[2025-05-07 14:58:29] [INFO]: Database status check successful - response time: 0ms
[2025-05-07 14:58:31] [INFO]: Public system status retrieved: {"transactions_enabled":true,"message":null,"transfer_limit":null}
[2025-05-07 14:58:31] [INFO]: Public system status retrieved successfully
[2025-05-07 14:58:32] [INFO]: Database status check successful - response time: 0ms
[2025-05-07 14:59:05] [INFO]: Database status check successful - response time: 0ms
[2025-05-07 14:59:07] [INFO]: Public system status retrieved: {"transactions_enabled":true,"message":null,"transfer_limit":null}
[2025-05-07 14:59:07] [INFO]: Public system status retrieved successfully
[2025-05-07 14:59:35] [INFO]: Database status check successful - response time: 0ms
[2025-05-07 14:59:37] [INFO]: Public system status retrieved: {"transactions_enabled":true,"message":null,"transfer_limit":null}
[2025-05-07 14:59:37] [INFO]: Public system status retrieved successfully
[2025-05-07 15:00:05] [INFO]: Database status check successful - response time: 0ms
[2025-05-07 15:00:07] [INFO]: Public system status retrieved: {"transactions_enabled":true,"message":null,"transfer_limit":null}
[2025-05-07 15:00:07] [INFO]: Public system status retrieved successfully
[2025-05-07 15:00:35] [INFO]: Database status check successful - response time: 0ms
[2025-05-07 15:00:37] [INFO]: Public system status retrieved: {"transactions_enabled":true,"message":null,"transfer_limit":null}
[2025-05-07 15:00:37] [INFO]: Public system status retrieved successfully
[2025-05-07 15:01:18] [INFO]: Database status check successful - response time: 0ms
[2025-05-07 15:01:20] [INFO]: Public system status retrieved: {"transactions_enabled":true,"message":null,"transfer_limit":null}
[2025-05-07 15:01:20] [INFO]: Public system status retrieved successfully
[2025-05-07 15:02:18] [INFO]: Database status check successful - response time: 0ms
[2025-05-07 15:02:20] [INFO]: Public system status retrieved: {"transactions_enabled":true,"message":null,"transfer_limit":null}
[2025-05-07 15:02:20] [INFO]: Public system status retrieved successfully
[2025-05-07 15:03:18] [INFO]: Database status check successful - response time: 0ms
[2025-05-07 15:03:20] [INFO]: Public system status retrieved: {"transactions_enabled":true,"message":null,"transfer_limit":null}
[2025-05-07 15:03:20] [INFO]: Public system status retrieved successfully
[2025-05-07 15:04:16] [INFO]: Database status check successful - response time: 0ms
[2025-05-07 15:04:18] [INFO]: Database status check successful - response time: 0ms
[2025-05-07 15:04:20] [INFO]: Public system status retrieved: {"transactions_enabled":true,"message":null,"transfer_limit":null}
[2025-05-07 15:04:20] [INFO]: Public system status retrieved successfully
[2025-05-07 15:04:21] [INFO]: Database status check successful - response time: 0ms
[2025-05-07 15:05:09] [INFO]: Database status check successful - response time: 0ms
[2025-05-07 15:05:18] [INFO]: Database status check successful - response time: 0ms
[2025-05-07 15:05:20] [INFO]: Public system status retrieved: {"transactions_enabled":true,"message":null,"transfer_limit":null}
[2025-05-07 15:05:20] [INFO]: Public system status retrieved successfully
[2025-05-07 15:06:10] [INFO]: Database status check successful - response time: 0ms
[2025-05-07 15:06:18] [INFO]: Database status check successful - response time: 0ms
[2025-05-07 15:06:20] [INFO]: Public system status retrieved: {"transactions_enabled":true,"message":null,"transfer_limit":null}
[2025-05-07 15:06:20] [INFO]: Public system status retrieved successfully
[2025-05-07 15:07:18] [INFO]: Database status check successful - response time: 0ms
[2025-05-07 15:07:20] [INFO]: Public system status retrieved: {"transactions_enabled":true,"message":null,"transfer_limit":null}
[2025-05-07 15:07:20] [INFO]: Public system status retrieved successfully
[2025-05-07 15:07:55] [INFO]: Database status check successful - response time: 0ms
[2025-05-07 15:07:57] [INFO]: Public system status retrieved: {"transactions_enabled":true,"message":null,"transfer_limit":null}
[2025-05-07 15:07:57] [INFO]: Public system status retrieved successfully
[2025-05-07 15:07:57] [INFO]: Database status check successful - response time: 0ms
[2025-05-07 15:07:59] [INFO]: Database status check successful - response time: 0ms
[2025-05-07 15:08:01] [INFO]: Database status check successful - response time: 0ms
[2025-05-07 15:08:05] [INFO]: Database status check successful - response time: 0ms
[2025-05-07 15:08:07] [INFO]: Public system status retrieved: {"transactions_enabled":true,"message":null,"transfer_limit":null}
[2025-05-07 15:08:07] [INFO]: Public system status retrieved successfully
[2025-05-07 15:08:35] [INFO]: Database status check successful - response time: 0ms
[2025-05-07 15:08:37] [INFO]: Public system status retrieved: {"transactions_enabled":true,"message":null,"transfer_limit":null}
[2025-05-07 15:08:37] [INFO]: Public system status retrieved successfully
[2025-05-07 15:09:18] [INFO]: Database status check successful - response time: 0ms
[2025-05-07 15:09:20] [INFO]: Public system status retrieved: {"transactions_enabled":true,"message":null,"transfer_limit":null}
[2025-05-07 15:09:20] [INFO]: Public system status retrieved successfully
[2025-05-07 15:10:18] [INFO]: Database status check successful - response time: 0ms
[2025-05-07 15:10:20] [INFO]: Public system status retrieved: {"transactions_enabled":true,"message":null,"transfer_limit":null}
[2025-05-07 15:10:20] [INFO]: Public system status retrieved successfully
[2025-05-07 15:11:18] [INFO]: Database status check successful - response time: 0ms
[2025-05-07 15:11:20] [INFO]: Public system status retrieved: {"transactions_enabled":true,"message":null,"transfer_limit":null}
[2025-05-07 15:11:20] [INFO]: Public system status retrieved successfully
[2025-05-07 15:12:18] [INFO]: Database status check successful - response time: 0ms
[2025-05-07 15:12:20] [INFO]: Public system status retrieved: {"transactions_enabled":true,"message":null,"transfer_limit":null}
[2025-05-07 15:12:20] [INFO]: Public system status retrieved successfully
[2025-05-07 15:12:38] [INFO]: Database status check successful - response time: 0ms
[2025-05-07 15:12:40] [INFO]: Public system status retrieved: {"transactions_enabled":true,"message":null,"transfer_limit":null}
[2025-05-07 15:12:40] [INFO]: Public system status retrieved successfully
[2025-05-07 15:12:45] [INFO]: Database status check successful - response time: 0ms
[2025-05-07 15:12:47] [INFO]: Database status check successful - response time: 0ms
[2025-05-07 15:12:50] [INFO]: Database status check successful - response time: 0ms
[2025-05-07 15:12:52] [ERROR]: PHP Error [2]: Attempt to read property "user" on null in G:\University\Second Year Term 2\Software Engineering 1\Falsopay\backend\App\routes\api\MoneyRequestsRoute.php on line 39
[2025-05-07 15:12:52] [ERROR]: PHP Error [2]: Trying to access array offset on null in G:\University\Second Year Term 2\Software Engineering 1\Falsopay\backend\App\routes\api\MoneyRequestsRoute.php on line 39
[2025-05-07 15:12:52] [INFO]: Database status check successful - response time: 0ms
[2025-05-07 15:12:54] [ERROR]: PHP Error [2]: Attempt to read property "user" on null in G:\University\Second Year Term 2\Software Engineering 1\Falsopay\backend\App\routes\api\MoneyRequestsRoute.php on line 51
[2025-05-07 15:12:54] [ERROR]: PHP Error [2]: Trying to access array offset on null in G:\University\Second Year Term 2\Software Engineering 1\Falsopay\backend\App\routes\api\MoneyRequestsRoute.php on line 51
[2025-05-07 15:12:54] [INFO]: Database status check successful - response time: 0ms
[2025-05-07 15:13:17] [INFO]: Database status check successful - response time: 0ms
[2025-05-07 15:13:19] [INFO]: Public system status retrieved: {"transactions_enabled":true,"message":null,"transfer_limit":null}
[2025-05-07 15:13:19] [INFO]: Public system status retrieved successfully
[2025-05-07 15:13:19] [INFO]: Database status check successful - response time: 0ms
[2025-05-07 15:13:21] [ERROR]: Uncaught Exception: Call to a member function getBody() on array in file G:\University\Second Year Term 2\Software Engineering 1\Falsopay\backend\App\routes\api\MoneyRequestsRoute.php on line 24
[2025-05-07 15:13:34] [INFO]: Database status check successful - response time: 0ms
[2025-05-07 15:13:36] [ERROR]: Uncaught Exception: Call to a member function getBody() on array in file G:\University\Second Year Term 2\Software Engineering 1\Falsopay\backend\App\routes\api\MoneyRequestsRoute.php on line 24
[2025-05-07 15:13:47] [INFO]: Database status check successful - response time: 0ms
[2025-05-07 15:13:49] [INFO]: Public system status retrieved: {"transactions_enabled":true,"message":null,"transfer_limit":null}
[2025-05-07 15:13:49] [INFO]: Public system status retrieved successfully
[2025-05-07 15:13:49] [INFO]: Database status check successful - response time: 0ms
[2025-05-07 15:13:52] [INFO]: Database status check successful - response time: 0ms
[2025-05-07 15:13:54] [INFO]: Database status check successful - response time: 0ms
[2025-05-07 15:13:56] [INFO]: Database status check successful - response time: 0ms
[2025-05-07 15:13:58] [INFO]: Database status check successful - response time: 0ms
[2025-05-07 15:14:00] [INFO]: Database status check successful - response time: 0ms
[2025-05-07 15:14:03] [INFO]: Database status check successful - response time: 0ms
[2025-05-07 15:14:05] [INFO]: Database status check successful - response time: 0ms
[2025-05-07 15:14:07] [INFO]: Database status check successful - response time: 0ms
[2025-05-07 15:14:09] [INFO]: Database status check successful - response time: 0ms
[2025-05-07 15:14:11] [ERROR]: PHP Error [2]: Attempt to read property "user" on null in G:\University\Second Year Term 2\Software Engineering 1\Falsopay\backend\App\routes\api\MoneyRequestsRoute.php on line 51
[2025-05-07 15:14:11] [ERROR]: PHP Error [2]: Trying to access array offset on null in G:\University\Second Year Term 2\Software Engineering 1\Falsopay\backend\App\routes\api\MoneyRequestsRoute.php on line 51
[2025-05-07 15:14:11] [INFO]: Database status check successful - response time: 0ms
[2025-05-07 15:14:13] [ERROR]: PHP Error [2]: Attempt to read property "user" on null in G:\University\Second Year Term 2\Software Engineering 1\Falsopay\backend\App\routes\api\MoneyRequestsRoute.php on line 39
[2025-05-07 15:14:13] [ERROR]: PHP Error [2]: Trying to access array offset on null in G:\University\Second Year Term 2\Software Engineering 1\Falsopay\backend\App\routes\api\MoneyRequestsRoute.php on line 39
[2025-05-07 15:14:13] [INFO]: Database status check successful - response time: 0ms
[2025-05-07 15:14:15] [INFO]: Database status check successful - response time: 0ms
[2025-05-07 15:14:17] [INFO]: Database status check successful - response time: 0ms
[2025-05-07 15:14:19] [INFO]: Public system status retrieved: {"transactions_enabled":true,"message":null,"transfer_limit":null}
[2025-05-07 15:14:19] [INFO]: Public system status retrieved successfully
[2025-05-07 15:14:47] [INFO]: Database status check successful - response time: 0ms
[2025-05-07 15:14:49] [INFO]: Public system status retrieved: {"transactions_enabled":true,"message":null,"transfer_limit":null}
[2025-05-07 15:14:49] [INFO]: Public system status retrieved successfully
[2025-05-07 15:15:18] [INFO]: Database status check successful - response time: 0ms
[2025-05-07 15:15:20] [INFO]: Public system status retrieved: {"transactions_enabled":true,"message":null,"transfer_limit":null}
[2025-05-07 15:15:20] [INFO]: Public system status retrieved successfully
[2025-05-07 15:16:18] [INFO]: Database status check successful - response time: 0ms
[2025-05-07 15:16:20] [INFO]: Public system status retrieved: {"transactions_enabled":true,"message":null,"transfer_limit":null}
[2025-05-07 15:16:20] [INFO]: Public system status retrieved successfully
[2025-05-07 15:17:18] [INFO]: Database status check successful - response time: 0ms
[2025-05-07 15:17:20] [INFO]: Public system status retrieved: {"transactions_enabled":true,"message":null,"transfer_limit":null}
[2025-05-07 15:17:20] [INFO]: Public system status retrieved successfully
[2025-05-07 15:17:40] [INFO]: Database status check successful - response time: 0ms
[2025-05-07 15:17:44] [INFO]: Database status check successful - response time: 0ms
[2025-05-07 15:18:18] [INFO]: Database status check successful - response time: 0ms
[2025-05-07 15:18:20] [INFO]: Public system status retrieved: {"transactions_enabled":true,"message":null,"transfer_limit":null}
[2025-05-07 15:18:20] [INFO]: Public system status retrieved successfully
[2025-05-07 15:19:18] [INFO]: Database status check successful - response time: 0ms
[2025-05-07 15:19:20] [INFO]: Public system status retrieved: {"transactions_enabled":true,"message":null,"transfer_limit":null}
[2025-05-07 15:19:20] [INFO]: Public system status retrieved successfully
[2025-05-07 15:19:40] [INFO]: Database status check successful - response time: 0ms
[2025-05-07 15:19:43] [ERROR]: Uncaught Exception: Call to undefined method App\models\InstantPaymentAddress::getDefaultIPAByUserId() in file G:\University\Second Year Term 2\Software Engineering 1\Falsopay\backend\App\controllers\MoneyRequestController.php on line 67
[2025-05-07 15:19:47] [INFO]: Database status check successful - response time: 0ms
[2025-05-07 15:19:49] [INFO]: Public system status retrieved: {"transactions_enabled":true,"message":null,"transfer_limit":null}
[2025-05-07 15:19:49] [INFO]: Public system status retrieved successfully
[2025-05-07 15:20:17] [INFO]: Database status check successful - response time: 0ms
[2025-05-07 15:20:19] [INFO]: Public system status retrieved: {"transactions_enabled":true,"message":null,"transfer_limit":null}
[2025-05-07 15:20:19] [INFO]: Public system status retrieved successfully
[2025-05-07 15:20:47] [INFO]: Database status check successful - response time: 0ms
[2025-05-07 15:20:49] [INFO]: Public system status retrieved: {"transactions_enabled":true,"message":null,"transfer_limit":null}
[2025-05-07 15:20:49] [INFO]: Public system status retrieved successfully
[2025-05-07 15:21:18] [INFO]: Database status check successful - response time: 0ms
[2025-05-07 15:21:20] [INFO]: Public system status retrieved: {"transactions_enabled":true,"message":null,"transfer_limit":null}
[2025-05-07 15:21:20] [INFO]: Public system status retrieved successfully
[2025-05-07 15:22:18] [INFO]: Database status check successful - response time: 0ms
[2025-05-07 15:22:20] [INFO]: Public system status retrieved: {"transactions_enabled":true,"message":null,"transfer_limit":null}
[2025-05-07 15:22:20] [INFO]: Public system status retrieved successfully
[2025-05-07 15:22:34] [INFO]: Database status check successful - response time: 0ms
[2025-05-07 15:22:47] [INFO]: Database status check successful - response time: 0ms
[2025-05-07 15:22:49] [INFO]: Public system status retrieved: {"transactions_enabled":true,"message":null,"transfer_limit":null}
[2025-05-07 15:22:49] [INFO]: Public system status retrieved successfully
[2025-05-07 15:22:49] [INFO]: Database status check successful - response time: 0ms
[2025-05-07 15:22:52] [INFO]: Database status check successful - response time: 0ms
[2025-05-07 15:23:11] [INFO]: Database status check successful - response time: 0ms
[2025-05-07 15:23:14] [INFO]: Database status check successful - response time: 0ms
[2025-05-07 15:23:16] [INFO]: Database status check successful - response time: 0ms
[2025-05-07 15:23:18] [INFO]: Database status check successful - response time: 0ms
[2025-05-07 15:23:20] [INFO]: Public system status retrieved: {"transactions_enabled":true,"message":null,"transfer_limit":null}
[2025-05-07 15:23:20] [INFO]: Public system status retrieved successfully
[2025-05-07 15:23:47] [INFO]: Database status check successful - response time: 0ms
[2025-05-07 15:23:49] [INFO]: Public system status retrieved: {"transactions_enabled":true,"message":null,"transfer_limit":null}
[2025-05-07 15:23:49] [INFO]: Public system status retrieved successfully
[2025-05-07 15:24:17] [INFO]: Database status check successful - response time: 0ms
[2025-05-07 15:24:19] [INFO]: Public system status retrieved: {"transactions_enabled":true,"message":null,"transfer_limit":null}
[2025-05-07 15:24:19] [INFO]: Public system status retrieved successfully
[2025-05-07 15:24:47] [INFO]: Database status check successful - response time: 0ms
[2025-05-07 15:24:49] [INFO]: Public system status retrieved: {"transactions_enabled":true,"message":null,"transfer_limit":null}
[2025-05-07 15:24:49] [INFO]: Public system status retrieved successfully
[2025-05-07 15:25:18] [INFO]: Database status check successful - response time: 0ms
[2025-05-07 15:25:20] [INFO]: Public system status retrieved: {"transactions_enabled":true,"message":null,"transfer_limit":null}
[2025-05-07 15:25:20] [INFO]: Public system status retrieved successfully
[2025-05-07 15:25:59] [INFO]: Database status check successful - response time: 0ms
[2025-05-07 15:26:01] [INFO]: Public system status retrieved: {"transactions_enabled":true,"message":null,"transfer_limit":null}
[2025-05-07 15:26:01] [INFO]: Public system status retrieved successfully
[2025-05-07 15:26:01] [INFO]: Database status check successful - response time: 0ms
[2025-05-07 15:26:03] [INFO]: Database status check successful - response time: 0ms
[2025-05-07 15:26:17] [INFO]: Database status check successful - response time: 0ms
[2025-05-07 15:26:19] [INFO]: Public system status retrieved: {"transactions_enabled":true,"message":null,"transfer_limit":null}
[2025-05-07 15:26:19] [INFO]: Public system status retrieved successfully
[2025-05-07 15:26:47] [INFO]: Database status check successful - response time: 0ms
[2025-05-07 15:26:49] [INFO]: Public system status retrieved: {"transactions_enabled":true,"message":null,"transfer_limit":null}
[2025-05-07 15:26:49] [INFO]: Public system status retrieved successfully
[2025-05-07 15:26:52] [INFO]: Database status check successful - response time: 0ms
[2025-05-07 15:27:13] [INFO]: Database status check successful - response time: 0ms
[2025-05-07 15:27:17] [INFO]: Database status check successful - response time: 0ms
[2025-05-07 15:27:19] [INFO]: Public system status retrieved: {"transactions_enabled":true,"message":null,"transfer_limit":null}
[2025-05-07 15:27:19] [INFO]: Public system status retrieved successfully
[2025-05-07 15:27:47] [INFO]: Database status check successful - response time: 0ms
[2025-05-07 15:27:49] [INFO]: Public system status retrieved: {"transactions_enabled":true,"message":null,"transfer_limit":null}
[2025-05-07 15:27:49] [INFO]: Public system status retrieved successfully
[2025-05-07 15:28:17] [INFO]: Database status check successful - response time: 0ms
[2025-05-07 15:28:19] [INFO]: Public system status retrieved: {"transactions_enabled":true,"message":null,"transfer_limit":null}
[2025-05-07 15:28:19] [INFO]: Public system status retrieved successfully
[2025-05-07 15:28:47] [INFO]: Database status check successful - response time: 0ms
[2025-05-07 15:28:49] [INFO]: Public system status retrieved: {"transactions_enabled":true,"message":null,"transfer_limit":null}
[2025-05-07 15:28:49] [INFO]: Public system status retrieved successfully
[2025-05-07 15:29:12] [INFO]: Database status check successful - response time: 0ms
[2025-05-07 15:29:17] [INFO]: Database status check successful - response time: 0ms
[2025-05-07 15:29:19] [INFO]: Public system status retrieved: {"transactions_enabled":true,"message":null,"transfer_limit":null}
[2025-05-07 15:29:19] [INFO]: Public system status retrieved successfully
[2025-05-07 15:29:22] [INFO]: Database status check successful - response time: 0ms
[2025-05-07 15:29:24] [INFO]: Database status check successful - response time: 0ms
[2025-05-07 15:29:32] [INFO]: Database status check successful - response time: 0ms
[2025-05-07 15:29:34] [INFO]: Database status check successful - response time: 0ms
[2025-05-07 15:29:38] [INFO]: Database status check successful - response time: 0ms
[2025-05-07 15:29:47] [INFO]: Database status check successful - response time: 0ms
[2025-05-07 15:29:49] [INFO]: Public system status retrieved: {"transactions_enabled":true,"message":null,"transfer_limit":null}
[2025-05-07 15:29:49] [INFO]: Public system status retrieved successfully
[2025-05-07 15:30:17] [INFO]: Database status check successful - response time: 0ms
[2025-05-07 15:30:19] [INFO]: Public system status retrieved: {"transactions_enabled":true,"message":null,"transfer_limit":null}
[2025-05-07 15:30:19] [INFO]: Public system status retrieved successfully
[2025-05-07 15:30:47] [INFO]: Database status check successful - response time: 0ms
[2025-05-07 15:30:49] [INFO]: Public system status retrieved: {"transactions_enabled":true,"message":null,"transfer_limit":null}
[2025-05-07 15:30:49] [INFO]: Public system status retrieved successfully
[2025-05-07 15:31:18] [INFO]: Database status check successful - response time: 0ms
[2025-05-07 15:31:20] [INFO]: Public system status retrieved: {"transactions_enabled":true,"message":null,"transfer_limit":null}
[2025-05-07 15:31:20] [INFO]: Public system status retrieved successfully
[2025-05-07 15:32:18] [INFO]: Database status check successful - response time: 0ms
[2025-05-07 15:32:20] [INFO]: Public system status retrieved: {"transactions_enabled":true,"message":null,"transfer_limit":null}
[2025-05-07 15:32:20] [INFO]: Public system status retrieved successfully
[2025-05-07 15:33:18] [INFO]: Database status check successful - response time: 0ms
[2025-05-07 15:33:20] [INFO]: Public system status retrieved: {"transactions_enabled":true,"message":null,"transfer_limit":null}
[2025-05-07 15:33:20] [INFO]: Public system status retrieved successfully
